2019-07-13 16:46:48 DEBUG (ChromeMakemyTrip.java:chromeTransactions:26) - This is debug message
2019-07-13 16:46:48  INFO (ChromeMakemyTrip.java:chromeTransactions:27) - **** INITIALIZING CAPABILITIES ***********
2019-07-13 16:46:48  INFO (ChromeMakemyTrip.java:chromeTransactions:29) -  DEVICE_NAME = Android Emulator
2019-07-13 16:46:48  INFO (ChromeMakemyTrip.java:chromeTransactions:31) -  PLATFORM_VERSION = 9.0
2019-07-13 16:46:48  INFO (ChromeMakemyTrip.java:chromeTransactions:33) -  PLATFORM_NAME = Android
2019-07-13 16:46:48  INFO (ChromeMakemyTrip.java:chromeTransactions:35) -  APP_PACKAGE = com.android.chrome
2019-07-13 16:46:48  INFO (ChromeMakemyTrip.java:chromeTransactions:37) -  APP_ACTIVITY = com.google.android.apps.chrome.Main
2019-07-13 16:46:53  INFO (ChromeMakemyTrip.java:chromeTransactions:41) - ******** INITIATING IOS DRIVER ****************
2019-07-13 16:46:53  INFO (ChromeMakemyTrip.java:chromeTransactions:42) -  HOST: 0.0.0.0
2019-07-13 16:46:53  INFO (ChromeMakemyTrip.java:chromeTransactions:43) -  PORT: 4723
2019-07-13 16:46:53  INFO (ChromeMakemyTrip.java:chromeTransactions:44) -  URL : http://0.0.0.0:4723/wd/hub
2019-07-13 16:49:16 DEBUG (ChromeMakemyTrip.java:chromeTransactions:26) - This is debug message
2019-07-13 16:49:16  INFO (ChromeMakemyTrip.java:chromeTransactions:27) - **** INITIALIZING CAPABILITIES ***********
2019-07-13 16:49:16  INFO (ChromeMakemyTrip.java:chromeTransactions:29) -  DEVICE_NAME = Android Emulator
2019-07-13 16:49:16  INFO (ChromeMakemyTrip.java:chromeTransactions:31) -  PLATFORM_VERSION = 9.0
2019-07-13 16:49:16  INFO (ChromeMakemyTrip.java:chromeTransactions:33) -  PLATFORM_NAME = Android
2019-07-13 16:49:16  INFO (ChromeMakemyTrip.java:chromeTransactions:35) -  APP_PACKAGE = com.android.chrome
2019-07-13 16:49:16  INFO (ChromeMakemyTrip.java:chromeTransactions:37) -  APP_ACTIVITY = com.google.android.apps.chrome.Main
2019-07-13 16:49:21  INFO (ChromeMakemyTrip.java:chromeTransactions:41) - ******** INITIATING IOS DRIVER ****************
2019-07-13 16:49:21  INFO (ChromeMakemyTrip.java:chromeTransactions:42) -  HOST: 0.0.0.0
2019-07-13 16:49:21  INFO (ChromeMakemyTrip.java:chromeTransactions:43) -  PORT: 4723
2019-07-13 16:49:21  INFO (ChromeMakemyTrip.java:chromeTransactions:44) -  URL : http://0.0.0.0:4723/wd/hub
2019-07-13 16:49:22  INFO (ChromeMakemyTrip.java:chromeTransactions:46) - Loading URL on chrome browser as : https://www.yatra.com/pwa/home.html?redirect=no
2019-07-13 16:49:22  INFO (ChromeMakemyTrip.java:chromeTransactions:48) - Waiting to load the URL
